{"C:\\Users\\skinc\\mealplanner\\myFirstNodeProject\\utils\\calculator.js": {"path":"C:\\Users\\skinc\\mealplanner\\myFirstNodeProject\\utils\\calculator.js","statementMap":{"0":{"start":{"line":1,"column":23},"end":{"line":17,"column":1}},"1":{"start":{"line":3,"column":7},"end":{"line":3,"column":20}},"2":{"start":{"line":7,"column":7},"end":{"line":7,"column":20}},"3":{"start":{"line":10,"column":7},"end":{"line":10,"column":20}},"4":{"start":{"line":14,"column":7},"end":{"line":14,"column":18}},"5":{"start":{"line":18,"column":2},"end":{"line":18,"column":33}}},"fnMap":{"0":{"name":"(anonymous_0)","decl":{"start":{"line":2,"column":8},"end":{"line":2,"column":9}},"loc":{"start":{"line":2,"column":22},"end":{"line":4,"column":4}},"line":2},"1":{"name":"(anonymous_1)","decl":{"start":{"line":6,"column":9},"end":{"line":6,"column":10}},"loc":{"start":{"line":6,"column":23},"end":{"line":8,"column":4}},"line":6},"2":{"name":"(anonymous_2)","decl":{"start":{"line":9,"column":12},"end":{"line":9,"column":13}},"loc":{"start":{"line":9,"column":26},"end":{"line":11,"column":4}},"line":9},"3":{"name":"(anonymous_3)","decl":{"start":{"line":13,"column":11},"end":{"line":13,"column":12}},"loc":{"start":{"line":13,"column":25},"end":{"line":15,"column":4}},"line":13}},"branchMap":{},"s":{"0":1,"1":2,"2":1,"3":2,"4":0,"5":1},"f":{"0":2,"1":1,"2":2,"3":0},"b":{},"_coverageSchema":"1a1c01bbd47fc00a2c39e90264f33305004495a9","hash":"2fa261e0f1e5f73e40ffebbf45775b4fe7130e42"}
}
